<?xml version="1.0" encoding="UTF-8"?>
<testsuite xmlns:xsi="http://www.w3.org/2001/XMLSchema-instance" xsi:noNamespaceSchemaLocation="https://maven.apache.org/surefire/maven-surefire-plugin/xsd/surefire-test-report-3.0.xsd" version="3.0" name="com.aluguel.sistema_de_aluguel_de_carros.SistemaDeAluguelDeCarrosApplicationTests" time="3.965" tests="1" errors="0" skipped="0" failures="0">
  <properties>
[...]
</properties>
  <testcase name="contextLoads" classname="com.aluguel.sistema_de_aluguel_de_carros.SistemaDeAluguelDeCarrosApplicationTests" time="1.091">
    <system-out><![CDATA[14:17:26.058 [main] INFO org.springframework.test.context.support.AnnotationConfigContextLoaderUtils -- Could not detect default configuration classes for test class [com.aluguel.sistema_de_aluguel_de_carros.SistemaDeAluguelDeCarrosApplicationTests]: SistemaDeAluguelDeCarrosApplicationTests does not declare any static, non-private, non-final, nested classes annotated with @Configuration.
14:17:26.233 [main] INFO org.springframework.boot.test.context.SpringBootTestContextBootstrapper -- Found @SpringBootConfiguration com.aluguel.sistema_de_aluguel_de_carros.SistemaDeAluguelDeCarrosApplication for test class com.aluguel.sistema_de_aluguel_de_carros.SistemaDeAluguelDeCarrosApplicationTests
14:17:26.517 [main] INFO org.springframework.boot.devtools.restart.RestartApplicationListener -- Restart disabled due to context in which it is running

  .   ____          _            __ _ _
 /\\ / ___'_ __ _ _(_)_ __  __ _ \ \ \ \
( ( )\___ | '_ | '_| | '_ \/ _` | \ \ \ \
 \\/  ___)| |_)| | | | | || (_| |  ) ) ) )
  '  |____| .__|_| |_|_| |_\__, | / / / /
 =========|_|==============|___/=/_/_/_/

 :: Spring Boot ::                (v3.3.4)

2024-09-24T14:17:27.004-03:00  INFO 13908 --- [sistema-de-aluguel-de-carros] [           main] SistemaDeAluguelDeCarrosApplicationTests : Starting SistemaDeAluguelDeCarrosApplicationTests using Java 22.0.2 with PID 13908 (started by paulo in C:\Users\projects\aluguel-de-carros\sistema-de-aluguel-de-carros)
2024-09-24T14:17:27.010-03:00  INFO 13908 --- [sistema-de-aluguel-de-carros] [           main] SistemaDeAluguelDeCarrosApplicationTests : No active profile set, falling back to 1 default profile: "default"
2024-09-24T14:17:28.651-03:00  INFO 13908 --- [sistema-de-aluguel-de-carros] [           main] SistemaDeAluguelDeCarrosApplicationTests : Started SistemaDeAluguelDeCarrosApplicationTests in 2.156 seconds (process running for 3.712)
]]></system-out>
    <system-err><![CDATA[WARNING: A Java agent has been loaded dynamically (C:\Users\paulo\.m2\repository\net\bytebuddy\byte-buddy-agent\1.14.19\byte-buddy-agent-1.14.19.jar)
WARNING: If a serviceability tool is in use, please run with -XX:+EnableDynamicAgentLoading to hide this warning
WARNING: If a serviceability tool is not in use, please run with -Djdk.instrument.traceUsage for more information
WARNING: Dynamic loading of agents will be disallowed by default in a future release
]]></system-err>
  </testcase>
</testsuite>